#
# A fatal error has been detected by the Java Runtime Environment:
#
#  SIGSEGV (0xb) at pc=0x0000000109b0abcb, pid=4103, tid=5891
#
# JRE version: Java(TM) SE Runtime Environment (7.0_71-b14) (build 1.7.0_71-b14)
# Java VM: Java HotSpot(TM) 64-Bit Server VM (24.71-b01 mixed mode bsd-amd64 compressed oops)
# Problematic frame:
# V  [libjvm.dylib+0x50abcb]  Unsafe_GetNativeAddress+0x31
#
# Failed to write core dump. Core dumps have been disabled. To enable core dumping, try "ulimit -c unlimited" before starting Java again
#
# If you would like to submit a bug report, please visit:
#   http://bugreport.sun.com/bugreport/crash.jsp
#

---------------  T H R E A D  ---------------

Current thread (0x00007f890a806800):  JavaThread "main" [_thread_in_vm, id=5891, stack(0x000070000011a000,0x000070000021a000)]

siginfo:si_signo=SIGSEGV: si_errno=0, si_code=1 (SEGV_MAPERR), si_addr=0x000000000001e0f3

Registers:
RAX=0x0000000109e165c0, RBX=0x000000000001e0f3, RCX=0x0000000000000000, RDX=0x000000000001e0f3
RSP=0x00007000002198e0, RBP=0x0000700000219910, RSI=0x0000000000000006, RDI=0x00007000002198f0
R8 =0x8000000000000000, R9 =0x00000000fffffffe, R10=0x000000010a07272c, R11=0x0000000109a75e1b
R12=0x0000000000000000, R13=0x00000006faef0200, R14=0x00007f890a806800, R15=0x00007000002198f0
RIP=0x0000000109b0abcb, EFLAGS=0x0000000000010246, ERR=0x0000000000000004
  TRAPNO=0x000000000000000e

Top of Stack: (sp=0x00007000002198e0)
0x00007000002198e0:   00007f890a806800 00007f890a806800
0x00007000002198f0:   00007f890a806800 00000006faef0200
0x0000700000219900:   00007000002199b0 00007f890a806800
0x0000700000219910:   0000700000219980 000000010a072758
0x0000700000219920:   00007000002199a0 00007000002199a0
0x0000700000219930:   000000010a07d443 000000010a065310
0x0000700000219940:   0000700000219940 00000006faef0200
0x0000700000219950:   00007000002199b0 00000006faef3318
0x0000700000219960:   0000000000000000 00000006faef0200
0x0000700000219970:   0000000000000000 00007000002199a0
0x0000700000219980:   0000700000219a00 000000010a066175
0x0000700000219990:   0000000000000000 000000010a06ecd7
0x00007000002199a0:   000000000001e0f3 01b56bd40163f3b3
0x00007000002199b0:   00000007aaa8fe38 00000007aaa9fe08
0x00007000002199c0:   00007000002199c0 00000006fb08a91d
0x00007000002199d0:   0000700000219a28 00000006fb08ac40
0x00007000002199e0:   0000000000000000 00000006fb08a988
0x00007000002199f0:   00007000002199a0 0000700000219a28
0x0000700000219a00:   0000700000219a90 000000010a0604e7
0x0000700000219a10:   00007f89085214b0 0000000000000000
0x0000700000219a20:   00000007aab04b70 00000007aab04b60
0x0000700000219a30:   0000000000001fa0 0000000000000001
0x0000700000219a40:   00007f890a806800 000000010a06045f
0x0000700000219a50:   000000000000000a 00007f8908704ef0
0x0000700000219a60:   0000700000219b10 0000700000219dd0
0x0000700000219a70:   000000000000000a 00000006fb08a988
0x0000700000219a80:   000000010a070360 0000700000219bc8
0x0000700000219a90:   0000700000219b80 00000001098db378
0x0000700000219aa0:   0000000600000001 00007f890a806800
0x0000700000219ab0:   0000700000219ac0 0000700000219dd0
0x0000700000219ac0:   00000006fb08a738 000000010a070360
0x0000700000219ad0:   0000700000219bc0 00007f890a806800 

Instructions: (pc=0x0000000109b0abcb)
0x0000000109b0abab:   3f 9a d3 ff 49 89 c6 4c 89 75 e0 4c 8d 7d e0 4c
0x0000000109b0abbb:   89 ff be 06 00 00 00 e8 5d a3 c7 ff 4c 89 75 d8
0x0000000109b0abcb:   48 8b 1b 48 8d 7d d8 e8 d1 a3 c7 ff ba 04 00 00
0x0000000109b0abdb:   00 4c 89 ff be 06 00 00 00 e8 ab 65 c7 ff 48 89 

Register to memory mapping:

RAX=0x0000000109e165c0: _ZN20SafepointSynchronize6_stateE+0 in /Library/Java/JavaVirtualMachines/jdk1.7.0_71.jdk/Contents/Home/jre/lib/server/libjvm.dylib at 0x0000000109600000
RBX=0x000000000001e0f3 is an unknown value
RCX=0x0000000000000000 is an unknown value
RDX=0x000000000001e0f3 is an unknown value
RSP=0x00007000002198e0 is pointing into the stack for thread: 0x00007f890a806800
RBP=0x0000700000219910 is pointing into the stack for thread: 0x00007f890a806800
RSI=0x0000000000000006 is an unknown value
RDI=0x00007000002198f0 is pointing into the stack for thread: 0x00007f890a806800
R8 =0x8000000000000000 is an unknown value
R9 =0x00000000fffffffe is an unknown value
R10=0x000000010a07272c is at code_begin+620 in an Interpreter codelet
method entry point (kind = native)  [0x000000010a0724c0, 0x000000010a072d00]  2112 bytes
R11=0x0000000109a75e1b: throw_unsatisfied_link_error+0 in /Library/Java/JavaVirtualMachines/jdk1.7.0_71.jdk/Contents/Home/jre/lib/server/libjvm.dylib at 0x0000000109600000
R12=0x0000000000000000 is an unknown value
R13=0x00000006faef0200 is an oop
{method} 
 - klass: {other class}
R14=0x00007f890a806800 is a thread
R15=0x00007000002198f0 is pointing into the stack for thread: 0x00007f890a806800


Stack: [0x000070000011a000,0x000070000021a000],  sp=0x00007000002198e0,  free space=1022k
Native frames: (J=compiled Java code, j=interpreted, Vv=VM code, C=native code)
V  [libjvm.dylib+0x50abcb]  Unsafe_GetNativeAddress+0x31
j  sun.misc.Unsafe.getAddress(J)J+0
j  com.concurrent.pool.UnsafeTest.main([Ljava/lang/String;)V+69
v  ~StubRoutines::call_stub
V  [libjvm.dylib+0x2db378]  JavaCalls::call_helper(JavaValue*, methodHandle*, JavaCallArguments*, Thread*)+0x22a
V  [libjvm.dylib+0x2db148]  JavaCalls::call(JavaValue*, methodHandle, JavaCallArguments*, Thread*)+0x28
V  [libjvm.dylib+0x30e9c2]  jni_invoke_static(JNIEnv_*, JavaValue*, _jobject*, JNICallType, _jmethodID*, JNI_ArgumentPusher*, Thread*)+0xe6
V  [libjvm.dylib+0x307b5d]  jni_CallStaticVoidMethod+0x10b
C  [java+0x30fe]  JavaMain+0x91d
C  [libsystem_pthread.dylib+0x399d]  _pthread_body+0x83
C  [libsystem_pthread.dylib+0x391a]  _pthread_body+0x0
C  [libsystem_pthread.dylib+0x1351]  thread_start+0xd

Java frames: (J=compiled Java code, j=interpreted, Vv=VM code)
j  sun.misc.Unsafe.getAddress(J)J+0
j  com.concurrent.pool.UnsafeTest.main([Ljava/lang/String;)V+69
v  ~StubRoutines::call_stub

---------------  P R O C E S S  ---------------

Java Threads: ( => current thread )
  0x00007f890a85d000 JavaThread "Service Thread" daemon [_thread_blocked, id=20227, stack(0x000070000114d000,0x000070000124d000)]
  0x00007f8909010800 JavaThread "C2 CompilerThread1" daemon [_thread_blocked, id=19715, stack(0x000070000104a000,0x000070000114a000)]
  0x00007f8908811000 JavaThread "C2 CompilerThread0" daemon [_thread_blocked, id=19203, stack(0x0000700000f47000,0x0000700001047000)]
  0x00007f8908810800 JavaThread "Signal Dispatcher" daemon [_thread_blocked, id=15887, stack(0x0000700000e44000,0x0000700000f44000)]
  0x00007f8909006800 JavaThread "Finalizer" daemon [_thread_blocked, id=14339, stack(0x0000700000c3b000,0x0000700000d3b000)]
  0x00007f8909002800 JavaThread "Reference Handler" daemon [_thread_blocked, id=13827, stack(0x0000700000b38000,0x0000700000c38000)]
=>0x00007f890a806800 JavaThread "main" [_thread_in_vm, id=5891, stack(0x000070000011a000,0x000070000021a000)]

Other Threads:
  0x00007f890a856800 VMThread [stack: 0x0000700000a35000,0x0000700000b35000] [id=13315]
  0x00007f890a85d800 WatcherThread [stack: 0x0000700001250000,0x0000700001350000] [id=20739]

VM state:not at safepoint (normal execution)

VM Mutex/Monitor currently owned by a thread: None

Heap
 PSYoungGen      total 76800K, used 2642K [0x00000007aaa80000, 0x00000007b0000000, 0x0000000800000000)
  eden space 66048K, 4% used [0x00000007aaa80000,0x00000007aad14898,0x00000007aeb00000)
  from space 10752K, 0% used [0x00000007af580000,0x00000007af580000,0x00000007b0000000)
  to   space 10752K, 0% used [0x00000007aeb00000,0x00000007aeb00000,0x00000007af580000)
 ParOldGen       total 174592K, used 0K [0x0000000700000000, 0x000000070aa80000, 0x00000007aaa80000)
  object space 174592K, 0% used [0x0000000700000000,0x0000000700000000,0x000000070aa80000)
 PSPermGen       total 21504K, used 2624K [0x00000006fae00000, 0x00000006fc300000, 0x0000000700000000)
  object space 21504K, 12% used [0x00000006fae00000,0x00000006fb0903c8,0x00000006fc300000)

Card table byte_map: [0x000000010d120000,0x000000010d94a000] byte_map_base: 0x0000000109949000

Polling page: 0x0000000108573000

Code Cache  [0x000000010a060000, 0x000000010a2d0000, 0x000000010d060000)
 total_blobs=184 nmethods=3 adapters=136 free_code_cache=48766Kb largest_free_block=49916800

Compilation events (5 events):
Event: 0.051 Thread 0x00007f8908811000    1             java.lang.String::indexOf (70 bytes)
Event: 0.053 Thread 0x00007f8909010800    2             java.lang.String::hashCode (55 bytes)
Event: 0.056 Thread 0x00007f8909010800 nmethod 2 0x000000010a0be2d0 code [0x000000010a0be420, 0x000000010a0be598]
Event: 0.056 Thread 0x00007f8908811000 nmethod 1 0x000000010a0c03d0 code [0x000000010a0c0520, 0x000000010a0c06e8]
Event: 0.062 Thread 0x00007f8909010800    3             java.lang.String::indexOf (166 bytes)

GC Heap History (0 events):
No events

Deoptimization events (0 events):
No events

Internal exceptions (2 events):
Event: 0.028 Thread 0x00007f890a806800 Threw 0x00000007aaa8f498 at /HUDSON/workspace/7u-2-build-macosx-x86_64/jdk7u71/1605/hotspot/src/share/vm/prims/jni.cpp:3991
Event: 0.061 Thread 0x00007f890a806800 Threw 0x00000007aaafcc38 at /HUDSON/workspace/7u-2-build-macosx-x86_64/jdk7u71/1605/hotspot/src/share/vm/prims/jvm.cpp:1281

Events (10 events):
Event: 0.065 loading class 0x00000001169ac600
Event: 0.065 loading class 0x00000001169ac600 done
Event: 0.065 loading class 0x00000001169b9130
Event: 0.065 loading class 0x00000001169b9130 done
Event: 0.065 loading class 0x00000001169d37a0
Event: 0.065 loading class 0x00000001169d37a0 done
Event: 0.065 loading class 0x00007f890885a570
Event: 0.065 loading class 0x00007f890885aa80
Event: 0.065 loading class 0x00007f890885aa80 done
Event: 0.065 loading class 0x00007f890885a570 done


Dynamic libraries:
0x000000000190e000 	/System/Library/Frameworks/Cocoa.framework/Versions/A/Cocoa
0x000000000190e000 	/System/Library/Frameworks/Security.framework/Versions/A/Security
0x000000000190e000 	/System/Library/Frameworks/ApplicationServices.framework/Versions/A/ApplicationServices
0x000000000190e000 	/usr/lib/libz.1.dylib
0x000000000190e000 	/usr/lib/libSystem.B.dylib
0x000000000190e000 	/usr/lib/libobjc.A.dylib
0x000000000190e000 	/System/Library/Frameworks/CoreFoundation.framework/Versions/A/CoreFoundation
0x000000000190e000 	/System/Library/Frameworks/Foundation.framework/Versions/C/Foundation
0x000000000190e000 	/System/Library/Frameworks/AppKit.framework/Versions/C/AppKit
0x000000000190e000 	/System/Library/Frameworks/CoreData.framework/Versions/A/CoreData
0x000000000190e000 	/System/Library/PrivateFrameworks/RemoteViewServices.framework/Versions/A/RemoteViewServices
0x000000000190e000 	/System/Library/PrivateFrameworks/UIFoundation.framework/Versions/A/UIFoundation
0x000000000190e000 	/usr/lib/libScreenReader.dylib
0x000000000190e000 	/System/Library/Frameworks/Accelerate.framework/Versions/A/Accelerate
0x000000000190e000 	/System/Library/Frameworks/IOSurface.framework/Versions/A/IOSurface
0x000000000190e000 	/System/Library/Frameworks/AudioToolbox.framework/Versions/A/AudioToolbox
0x000000000190e000 	/System/Library/Frameworks/AudioUnit.framework/Versions/A/AudioUnit
0x000000000190e000 	/System/Library/PrivateFrameworks/DataDetectorsCore.framework/Versions/A/DataDetectorsCore
0x000000000190e000 	/System/Library/PrivateFrameworks/DesktopServicesPriv.framework/Versions/A/DesktopServicesPriv
0x000000000190e000 	/System/Library/Frameworks/Carbon.framework/Versions/A/Frameworks/HIToolbox.framework/Versions/A/HIToolbox
0x000000000190e000 	/System/Library/Frameworks/QuartzCore.framework/Versions/A/QuartzCore
0x000000000190e000 	/System/Library/Frameworks/Carbon.framework/Versions/A/Frameworks/SpeechRecognition.framework/Versions/A/SpeechRecognition
0x000000000190e000 	/usr/lib/libauto.dylib
0x000000000190e000 	/usr/lib/libicucore.A.dylib
0x000000000190e000 	/usr/lib/libxml2.2.dylib
0x000000000190e000 	/System/Library/PrivateFrameworks/CoreUI.framework/Versions/A/CoreUI
0x000000000190e000 	/System/Library/Frameworks/CoreAudio.framework/Versions/A/CoreAudio
0x000000000190e000 	/System/Library/Frameworks/DiskArbitration.framework/Versions/A/DiskArbitration
0x000000000190e000 	/usr/lib/liblangid.dylib
0x000000000190e000 	/System/Library/PrivateFrameworks/MultitouchSupport.framework/Versions/A/MultitouchSupport
0x000000000190e000 	/System/Library/Frameworks/IOKit.framework/Versions/A/IOKit
0x000000000190e000 	/usr/lib/libDiagnosticMessagesClient.dylib
0x000000000190e000 	/System/Library/Frameworks/CoreServices.framework/Versions/A/CoreServices
0x000000000190e000 	/System/Library/PrivateFrameworks/PerformanceAnalysis.framework/Versions/A/PerformanceAnalysis
0x000000000190e000 	/System/Library/PrivateFrameworks/GenerationalStorage.framework/Versions/A/GenerationalStorage
0x000000000190e000 	/System/Library/Frameworks/OpenGL.framework/Versions/A/OpenGL
0x000000000190e000 	/System/Library/PrivateFrameworks/Sharing.framework/Versions/A/Sharing
0x000000000190e000 	/System/Library/Frameworks/CoreGraphics.framework/Versions/A/CoreGraphics
0x000000000190e000 	/System/Library/Frameworks/CoreImage.framework/Versions/A/CoreImage
0x000000000190e000 	/System/Library/Frameworks/CoreText.framework/Versions/A/CoreText
0x000000000190e000 	/System/Library/Frameworks/ImageIO.framework/Versions/A/ImageIO
0x000000000190e000 	/System/Library/PrivateFrameworks/Backup.framework/Versions/A/Backup
0x000000000190e000 	/usr/lib/libextension.dylib
0x000000000190e000 	/usr/lib/libarchive.2.dylib
0x000000000190e000 	/System/Library/Frameworks/CFNetwork.framework/Versions/A/CFNetwork
0x000000000190e000 	/System/Library/Frameworks/SystemConfiguration.framework/Versions/A/SystemConfiguration
0x000000000190e000 	/usr/lib/libCRFSuite.dylib
0x000000000190e000 	/usr/lib/libc++.1.dylib
0x000000000190e000 	/usr/lib/libc++abi.dylib
0x000000000190e000 	/usr/lib/system/libcache.dylib
0x000000000190e000 	/usr/lib/system/libcommonCrypto.dylib
0x000000000190e000 	/usr/lib/system/libcompiler_rt.dylib
0x000000000190e000 	/usr/lib/system/libcopyfile.dylib
0x000000000190e000 	/usr/lib/system/libcorecrypto.dylib
0x000000000190e000 	/usr/lib/system/libdispatch.dylib
0x000000000190e000 	/usr/lib/system/libdyld.dylib
0x000000000190e000 	/usr/lib/system/libkeymgr.dylib
0x000000000190e000 	/usr/lib/system/liblaunch.dylib
0x000000000190e000 	/usr/lib/system/libmacho.dylib
0x000000000190e000 	/usr/lib/system/libquarantine.dylib
0x000000000190e000 	/usr/lib/system/libremovefile.dylib
0x000000000190e000 	/usr/lib/system/libsystem_asl.dylib
0x000000000190e000 	/usr/lib/system/libsystem_blocks.dylib
0x000000000190e000 	/usr/lib/system/libsystem_c.dylib
0x000000000190e000 	/usr/lib/system/libsystem_configuration.dylib
0x000000000190e000 	/usr/lib/system/libsystem_coreservices.dylib
0x000000000190e000 	/usr/lib/system/libsystem_coretls.dylib
0x000000000190e000 	/usr/lib/system/libsystem_dnssd.dylib
0x000000000190e000 	/usr/lib/system/libsystem_info.dylib
0x000000000190e000 	/usr/lib/system/libsystem_kernel.dylib
0x000000000190e000 	/usr/lib/system/libsystem_m.dylib
0x000000000190e000 	/usr/lib/system/libsystem_malloc.dylib
0x000000000190e000 	/usr/lib/system/libsystem_network.dylib
0x000000000190e000 	/usr/lib/system/libsystem_networkextension.dylib
0x000000000190e000 	/usr/lib/system/libsystem_notify.dylib
0x000000000190e000 	/usr/lib/system/libsystem_platform.dylib
0x000000000190e000 	/usr/lib/system/libsystem_pthread.dylib
0x000000000190e000 	/usr/lib/system/libsystem_sandbox.dylib
0x000000000190e000 	/usr/lib/system/libsystem_secinit.dylib
0x000000000190e000 	/usr/lib/system/libsystem_trace.dylib
0x000000000190e000 	/usr/lib/system/libunc.dylib
0x000000000190e000 	/usr/lib/system/libunwind.dylib
0x000000000190e000 	/usr/lib/system/libxpc.dylib
0x000000000190e000 	/usr/lib/libenergytrace.dylib
0x000000000190e000 	/usr/lib/libbsm.0.dylib
0x000000000190e000 	/usr/lib/system/libkxld.dylib
0x000000000190e000 	/usr/lib/libxar.1.dylib
0x000000000190e000 	/usr/lib/libsqlite3.dylib
0x000000000190e000 	/usr/lib/libpam.2.dylib
0x000000000190e000 	/usr/lib/libOpenScriptingUtil.dylib
0x000000000190e000 	/usr/lib/libbz2.1.0.dylib
0x000000000190e000 	/usr/lib/liblzma.5.dylib
0x000000000190e000 	/System/Library/Frameworks/CoreServices.framework/Versions/A/Frameworks/FSEvents.framework/Versions/A/FSEvents
0x000000000190e000 	/System/Library/Frameworks/CoreServices.framework/Versions/A/Frameworks/CarbonCore.framework/Versions/A/CarbonCore
0x000000000190e000 	/System/Library/Frameworks/CoreServices.framework/Versions/A/Frameworks/Metadata.framework/Versions/A/Metadata
0x000000000190e000 	/System/Library/Frameworks/CoreServices.framework/Versions/A/Frameworks/OSServices.framework/Versions/A/OSServices
0x000000000190e000 	/System/Library/Frameworks/CoreServices.framework/Versions/A/Frameworks/SearchKit.framework/Versions/A/SearchKit
0x000000000190e000 	/System/Library/Frameworks/CoreServices.framework/Versions/A/Frameworks/AE.framework/Versions/A/AE
0x000000000190e000 	/System/Library/Frameworks/CoreServices.framework/Versions/A/Frameworks/LaunchServices.framework/Versions/A/LaunchServices
0x000000000190e000 	/System/Library/Frameworks/CoreServices.framework/Versions/A/Frameworks/DictionaryServices.framework/Versions/A/DictionaryServices
0x000000000190e000 	/System/Library/Frameworks/CoreServices.framework/Versions/A/Frameworks/SharedFileList.framework/Versions/A/SharedFileList
0x000000000190e000 	/System/Library/Frameworks/NetFS.framework/Versions/A/NetFS
0x000000000190e000 	/System/Library/PrivateFrameworks/NetAuth.framework/Versions/A/NetAuth
0x000000000190e000 	/System/Library/PrivateFrameworks/login.framework/Versions/A/Frameworks/loginsupport.framework/Versions/A/loginsupport
0x000000000190e000 	/System/Library/PrivateFrameworks/TCC.framework/Versions/A/TCC
0x000000000190e000 	/usr/lib/libmecabra.dylib
0x000000000190e000 	/System/Library/Frameworks/ApplicationServices.framework/Versions/A/Frameworks/ATS.framework/Versions/A/ATS
0x000000000190e000 	/System/Library/Frameworks/ApplicationServices.framework/Versions/A/Frameworks/ColorSync.framework/Versions/A/ColorSync
0x000000000190e000 	/System/Library/Frameworks/ApplicationServices.framework/Versions/A/Frameworks/HIServices.framework/Versions/A/HIServices
0x000000000190e000 	/System/Library/Frameworks/ApplicationServices.framework/Versions/A/Frameworks/LangAnalysis.framework/Versions/A/LangAnalysis
0x000000000190e000 	/System/Library/Frameworks/ApplicationServices.framework/Versions/A/Frameworks/PrintCore.framework/Versions/A/PrintCore
0x000000000190e000 	/System/Library/Frameworks/ApplicationServices.framework/Versions/A/Frameworks/QD.framework/Versions/A/QD
0x000000000190e000 	/System/Library/Frameworks/ApplicationServices.framework/Versions/A/Frameworks/SpeechSynthesis.framework/Versions/A/SpeechSynthesis
0x000000000190e000 	/System/Library/Frameworks/Metal.framework/Versions/A/Metal
0x000000000190e000 	/System/Library/Frameworks/Accelerate.framework/Versions/A/Frameworks/vImage.framework/Versions/A/vImage
0x000000000190e000 	/System/Library/Frameworks/Accelerate.framework/Versions/A/Frameworks/vecLib.framework/Versions/A/vecLib
0x000000000190e000 	/System/Library/Frameworks/Accelerate.framework/Versions/A/Frameworks/vecLib.framework/Versions/A/libvDSP.dylib
0x000000000190e000 	/System/Library/Frameworks/Accelerate.framework/Versions/A/Frameworks/vecLib.framework/Versions/A/libvMisc.dylib
0x000000000190e000 	/System/Library/Frameworks/Accelerate.framework/Versions/A/Frameworks/vecLib.framework/Versions/A/libLAPACK.dylib
0x000000000190e000 	/System/Library/Frameworks/Accelerate.framework/Versions/A/Frameworks/vecLib.framework/Versions/A/libBLAS.dylib
0x000000000190e000 	/System/Library/Frameworks/Accelerate.framework/Versions/A/Frameworks/vecLib.framework/Versions/A/libLinearAlgebra.dylib
0x000000000190e000 	/System/Library/Frameworks/Accelerate.framework/Versions/A/Frameworks/vecLib.framework/Versions/A/libSparseBLAS.dylib
0x000000000190e000 	/System/Library/PrivateFrameworks/GPUCompiler.framework/libmetal_timestamp.dylib
0x000000000190e000 	/System/Library/Frameworks/OpenGL.framework/Versions/A/Libraries/libCoreFSCache.dylib
0x000000000190e000 	/System/Library/PrivateFrameworks/IOAccelerator.framework/Versions/A/IOAccelerator
0x000000000190e000 	/System/Library/Frameworks/ApplicationServices.framework/Versions/A/Frameworks/ATS.framework/Versions/A/Resources/libFontParser.dylib
0x000000000190e000 	/System/Library/Frameworks/ApplicationServices.framework/Versions/A/Frameworks/ATS.framework/Versions/A/Resources/libFontRegistry.dylib
0x000000000190e000 	/System/Library/PrivateFrameworks/AppleVPA.framework/Versions/A/AppleVPA
0x000000000190e000 	/System/Library/PrivateFrameworks/AppleJPEG.framework/Versions/A/AppleJPEG
0x000000000190e000 	/System/Library/Frameworks/ImageIO.framework/Versions/A/Resources/libJPEG.dylib
0x000000000190e000 	/System/Library/Frameworks/ImageIO.framework/Versions/A/Resources/libTIFF.dylib
0x000000000190e000 	/System/Library/Frameworks/ImageIO.framework/Versions/A/Resources/libPng.dylib
0x000000000190e000 	/System/Library/Frameworks/ImageIO.framework/Versions/A/Resources/libGIF.dylib
0x000000000190e000 	/System/Library/Frameworks/ImageIO.framework/Versions/A/Resources/libJP2.dylib
0x000000000190e000 	/System/Library/Frameworks/ImageIO.framework/Versions/A/Resources/libRadiance.dylib
0x000000000190e000 	/System/Library/Frameworks/CoreVideo.framework/Versions/A/CoreVideo
0x000000000190e000 	/System/Library/Frameworks/OpenGL.framework/Versions/A/Libraries/libGLU.dylib
0x000000000190e000 	/System/Library/Frameworks/OpenGL.framework/Versions/A/Libraries/libGFXShared.dylib
0x000000000190e000 	/System/Library/Frameworks/OpenGL.framework/Versions/A/Libraries/libGL.dylib
0x000000000190e000 	/System/Library/Frameworks/OpenGL.framework/Versions/A/Libraries/libGLImage.dylib
0x000000000190e000 	/System/Library/Frameworks/OpenGL.framework/Versions/A/Libraries/libCVMSPluginSupport.dylib
0x000000000190e000 	/System/Library/Frameworks/OpenGL.framework/Versions/A/Libraries/libCoreVMClient.dylib
0x000000000190e000 	/usr/lib/libcups.2.dylib
0x000000000190e000 	/System/Library/Frameworks/Kerberos.framework/Versions/A/Kerberos
0x000000000190e000 	/System/Library/Frameworks/GSS.framework/Versions/A/GSS
0x000000000190e000 	/usr/lib/libresolv.9.dylib
0x000000000190e000 	/usr/lib/libiconv.2.dylib
0x000000000190e000 	/System/Library/PrivateFrameworks/Heimdal.framework/Versions/A/Heimdal
0x000000000190e000 	/usr/lib/libheimdal-asn1.dylib
0x000000000190e000 	/System/Library/Frameworks/OpenDirectory.framework/Versions/A/OpenDirectory
0x000000000190e000 	/System/Library/PrivateFrameworks/CommonAuth.framework/Versions/A/CommonAuth
0x000000000190e000 	/System/Library/Frameworks/OpenDirectory.framework/Versions/A/Frameworks/CFOpenDirectory.framework/Versions/A/CFOpenDirectory
0x000000000190e000 	/System/Library/Frameworks/SecurityFoundation.framework/Versions/A/SecurityFoundation
0x000000000190e000 	/System/Library/PrivateFrameworks/LanguageModeling.framework/Versions/A/LanguageModeling
0x000000000190e000 	/usr/lib/libmarisa.dylib
0x000000000190e000 	/usr/lib/libChineseTokenizer.dylib
0x000000000190e000 	/usr/lib/libcmph.dylib
0x000000000190e000 	/usr/lib/libcompression.dylib
0x000000000190e000 	/System/Library/Frameworks/ServiceManagement.framework/Versions/A/ServiceManagement
0x000000000190e000 	/usr/lib/libxslt.1.dylib
0x000000000190e000 	/System/Library/Frameworks/Carbon.framework/Versions/A/Frameworks/Ink.framework/Versions/A/Ink
0x000000000190e000 	/usr/lib/libFosl_dynamic.dylib
0x000000000190e000 	/System/Library/PrivateFrameworks/FaceCore.framework/Versions/A/FaceCore
0x000000000190e000 	/System/Library/Frameworks/OpenCL.framework/Versions/A/OpenCL
0x000000000190e000 	/System/Library/PrivateFrameworks/CrashReporterSupport.framework/Versions/A/CrashReporterSupport
0x000000000190e000 	/System/Library/PrivateFrameworks/IconServices.framework/Versions/A/IconServices
0x000000000190e000 	/System/Library/PrivateFrameworks/Apple80211.framework/Versions/A/Apple80211
0x000000000190e000 	/System/Library/Frameworks/CoreWLAN.framework/Versions/A/CoreWLAN
0x000000000190e000 	/System/Library/Frameworks/IOBluetooth.framework/Versions/A/IOBluetooth
0x000000000190e000 	/System/Library/PrivateFrameworks/CoreWiFi.framework/Versions/A/CoreWiFi
0x000000000190e000 	/System/Library/Frameworks/CoreBluetooth.framework/Versions/A/CoreBluetooth
0x000000000190e000 	/System/Library/PrivateFrameworks/ChunkingLibrary.framework/Versions/A/ChunkingLibrary
0x000000000190e000 	/System/Library/PrivateFrameworks/DebugSymbols.framework/Versions/A/DebugSymbols
0x000000000190e000 	/System/Library/PrivateFrameworks/CoreSymbolication.framework/Versions/A/CoreSymbolication
0x000000000190e000 	/System/Library/PrivateFrameworks/Symbolication.framework/Versions/A/Symbolication
0x000000000190e000 	/System/Library/PrivateFrameworks/SpeechRecognitionCore.framework/Versions/A/SpeechRecognitionCore
0x00000001084ee000 	/System/Library/CoreServices/Encodings/libSimplifiedChineseConverter.dylib
0x0000000109600000 	/Library/Java/JavaVirtualMachines/jdk1.7.0_71.jdk/Contents/Home/jre/lib/server/libjvm.dylib
0x000000000190e000 	/usr/lib/libstdc++.6.dylib
0x0000000108536000 	/Library/Java/JavaVirtualMachines/jdk1.7.0_71.jdk/Contents/Home/jre/lib/libverify.dylib
0x0000000108543000 	/Library/Java/JavaVirtualMachines/jdk1.7.0_71.jdk/Contents/Home/jre/lib/libjava.dylib
0x000000010857d000 	/Library/Java/JavaVirtualMachines/jdk1.7.0_71.jdk/Contents/Home/jre/lib/libzip.dylib
0x000000011889b000 	/System/Library/Frameworks/JavaVM.framework/Frameworks/JavaRuntimeSupport.framework/JavaRuntimeSupport
0x00000001188b6000 	/System/Library/Frameworks/JavaVM.framework/Versions/A/Frameworks/JavaNativeFoundation.framework/Versions/A/JavaNativeFoundation
0x00000001188cb000 	/System/Library/Frameworks/JavaVM.framework/Versions/A/JavaVM
0x000000000190e000 	/System/Library/Frameworks/Carbon.framework/Versions/A/Carbon
0x00000001188d8000 	/System/Library/PrivateFrameworks/JavaLaunching.framework/Versions/A/JavaLaunching
0x000000000190e000 	/System/Library/Frameworks/Carbon.framework/Versions/A/Frameworks/CommonPanels.framework/Versions/A/CommonPanels
0x000000000190e000 	/System/Library/Frameworks/Carbon.framework/Versions/A/Frameworks/Help.framework/Versions/A/Help
0x000000000190e000 	/System/Library/Frameworks/Carbon.framework/Versions/A/Frameworks/ImageCapture.framework/Versions/A/ImageCapture
0x000000000190e000 	/System/Library/Frameworks/Carbon.framework/Versions/A/Frameworks/OpenScripting.framework/Versions/A/OpenScripting
0x000000000190e000 	/System/Library/Frameworks/Carbon.framework/Versions/A/Frameworks/Print.framework/Versions/A/Print
0x000000000190e000 	/System/Library/Frameworks/Carbon.framework/Versions/A/Frameworks/SecurityHI.framework/Versions/A/SecurityHI

VM Arguments:
jvm_args: -Dfile.encoding=UTF-8 
java_command: com.concurrent.pool.UnsafeTest
Launcher Type: SUN_STANDARD

Environment Variables:
PATH=/usr/bin:/bin:/usr/sbin:/sbin
SHELL=/bin/bash

Signal Handlers:
SIGSEGV: [libjvm.dylib+0x52c49d], sa_mask[0]=0xfffefeff, sa_flags=0x00000043
SIGBUS: [libjvm.dylib+0x52c49d], sa_mask[0]=0xfffefeff, sa_flags=0x00000042
SIGFPE: [libjvm.dylib+0x41e53a], sa_mask[0]=0xfffefeff, sa_flags=0x00000042
SIGPIPE: [libjvm.dylib+0x41e53a], sa_mask[0]=0xfffefeff, sa_flags=0x00000042
SIGXFSZ: [libjvm.dylib+0x41e53a], sa_mask[0]=0xfffefeff, sa_flags=0x00000042
SIGILL: [libjvm.dylib+0x41e53a], sa_mask[0]=0xfffefeff, sa_flags=0x00000042
SIGUSR1: SIG_DFL, sa_mask[0]=0x00000000, sa_flags=0x00000000
SIGUSR2: [libjvm.dylib+0x41e02c], sa_mask[0]=0x00000004, sa_flags=0x00000042
SIGHUP: [libjvm.dylib+0x41c2bd], sa_mask[0]=0xfffefeff, sa_flags=0x00000042
SIGINT: [libjvm.dylib+0x41c2bd], sa_mask[0]=0xfffefeff, sa_flags=0x00000042
SIGTERM: [libjvm.dylib+0x41c2bd], sa_mask[0]=0xfffefeff, sa_flags=0x00000042
SIGQUIT: [libjvm.dylib+0x41c2bd], sa_mask[0]=0xfffefeff, sa_flags=0x00000042


---------------  S Y S T E M  ---------------

OS:Bsduname:Darwin 15.4.0 Darwin Kernel Version 15.4.0: Fri Feb 26 22:08:05 PST 2016; root:xnu-3248.40.184~3/RELEASE_X86_64 x86_64
rlimit: STACK 8192k, CORE 0k, NPROC 709, NOFILE 10240, AS infinity
load average:2.15 2.02 1.98

CPU:total 8 (4 cores per cpu, 2 threads per core) family 6 model 70 stepping 1, cmov, cx8, fxsr, mmx, sse, sse2, sse3, ssse3, sse4.1, sse4.2, popcnt, avx, avx2, aes, erms, ht, tsc, tscinvbit

Memory: 4k page, physical 16777216k(4194304k free)

/proc/meminfo:


vm_info: Java HotSpot(TM) 64-Bit Server VM (24.71-b01) for bsd-amd64 JRE (1.7.0_71-b14), built on Sep 26 2014 16:11:44 by "java_re" with gcc 4.2.1 (Based on Apple Inc. build 5658) (LLVM build 2336.11.00)

time: Sun Sep 18 16:07:16 2016
elapsed time: 0 seconds

